2025-02-05 22:23:22 INFO  BaseTest:12 - Starting test execution
2025-02-05 22:23:22 INFO  BaseTest:16 - -----------------------------------
2025-02-05 22:23:22 INFO  BaseTest:17 - starting the automation suite
2025-02-05 22:23:22 INFO  BaseTest:19 - User Payload initialization has been started
2025-02-05 22:23:23 INFO  BaseTest:29 - User Payload initialization is completed
2025-02-05 22:23:23 INFO  BaseTest:107 - login user method started
2025-02-05 22:23:27 INFO  BaseTest:13 - Response Body: {"code":200,"type":"unknown","message":"logged in user session:1738774408030"}
2025-02-05 22:23:27 INFO  BaseTest:16 - Response Headers: Date=Wed, 05 Feb 2025 16:53:28 GMT
Content-Type=application/json
Transfer-Encoding=chunked
Connection=keep-alive
Access-Control-Allow-Origin=*
Access-Control-Allow-Methods=GET, POST, DELETE, PUT
Access-Control-Allow-Headers=Content-Type, api_key, Authorization
X-Expires-After=Wed Feb 05 17:53:28 UTC 2025
X-Rate-Limit=5000
Server=Jetty(9.2.9.v20150224)
2025-02-05 22:23:27 INFO  BaseTest:19 - Response Status: HTTP/1.1 200 OK
2025-02-05 22:27:29 INFO  BaseTest:12 - Starting test execution
2025-02-05 22:27:29 INFO  BaseTest:16 - -----------------------------------
2025-02-05 22:27:29 INFO  BaseTest:18 - User Payload initialization has been started
2025-02-05 22:27:29 INFO  BaseTest:28 - User Payload initialization is completed
2025-02-05 22:27:29 INFO  BaseTest:106 - login user method started
2025-02-05 22:27:32 INFO  BaseTest:13 - Response Body: {"code":200,"type":"unknown","message":"logged in user session:1738774653616"}
2025-02-05 22:27:32 INFO  BaseTest:16 - Response Headers: Date=Wed, 05 Feb 2025 16:57:33 GMT
Content-Type=application/json
Transfer-Encoding=chunked
Connection=keep-alive
Access-Control-Allow-Origin=*
Access-Control-Allow-Methods=GET, POST, DELETE, PUT
Access-Control-Allow-Headers=Content-Type, api_key, Authorization
X-Expires-After=Wed Feb 05 17:57:33 UTC 2025
X-Rate-Limit=5000
Server=Jetty(9.2.9.v20150224)
2025-02-05 22:27:32 INFO  BaseTest:19 - Response Status: HTTP/1.1 200 OK
2025-02-05 22:27:32 INFO  BaseTest:117 - logout user method started
2025-02-05 22:27:34 INFO  BaseTest:13 - Response Body: {"code":200,"type":"unknown","message":"ok"}
2025-02-05 22:27:34 INFO  BaseTest:16 - Response Headers: Date=Wed, 05 Feb 2025 16:57:35 GMT
Content-Type=application/json
Transfer-Encoding=chunked
Connection=keep-alive
Access-Control-Allow-Origin=*
Access-Control-Allow-Methods=GET, POST, DELETE, PUT
Access-Control-Allow-Headers=Content-Type, api_key, Authorization
Server=Jetty(9.2.9.v20150224)
2025-02-05 22:27:34 INFO  BaseTest:19 - Response Status: HTTP/1.1 200 OK
2025-02-05 22:36:57 INFO  BaseTest:12 - Starting test execution
2025-02-05 22:37:00 INFO  BaseTest:13 - Response Body: {"sold":9,"string":587,"741":1,"pending":3,"available":285,"Засранец":1,"awaiable":1,"Disabled":1,"soldout":1}
2025-02-05 22:37:00 INFO  BaseTest:16 - Response Headers: Date=Wed, 05 Feb 2025 17:07:01 GMT
Content-Type=application/json
Transfer-Encoding=chunked
Connection=keep-alive
Access-Control-Allow-Origin=*
Access-Control-Allow-Methods=GET, POST, DELETE, PUT
Access-Control-Allow-Headers=Content-Type, api_key, Authorization
Server=Jetty(9.2.9.v20150224)
2025-02-05 22:37:00 INFO  BaseTest:19 - Response Status: HTTP/1.1 200 OK
