2025-02-27 19:27:08 INFO  BaseTest:12 - Starting test execution
2025-02-27 19:27:08 INFO  BaseTest:17 - -----------------------------------
2025-02-27 19:27:08 INFO  BaseTest:19 - User Payload initialization has been started
2025-02-27 19:27:08 INFO  BaseTest:29 - User Payload initialization is completed
2025-02-27 19:27:08 INFO  BaseTest:34 - register new user method started
2025-02-27 19:27:13 INFO  BaseTest:14 - Response Body: {"code":200,"type":"unknown","message":"948250363"}
2025-02-27 19:27:13 INFO  BaseTest:20 - Response Status: HTTP/1.1 200 OK
2025-02-27 19:27:13 INFO  BaseTest:17 - Response Headers: Date=Thu, 27 Feb 2025 13:57:13 GMT
Content-Type=application/json
Transfer-Encoding=chunked
Connection=keep-alive
Access-Control-Allow-Origin=*
Access-Control-Allow-Methods=GET, POST, DELETE, PUT
Access-Control-Allow-Headers=Content-Type, api_key, Authorization
Server=Jetty(9.2.9.v20150224)
2025-02-27 19:27:13 INFO  BaseTest:46 - check new user method started
2025-02-27 19:27:14 INFO  BaseTest:14 - Response Body: {"id":948250363,"username":"jodee.brakus","firstName":"Simone","lastName":"Robel","email":"jeanne.west@example.com","password":"6edg6nan2","phone":"(271) 211-8305","userStatus":948250363}
2025-02-27 19:27:14 INFO  BaseTest:20 - Response Status: HTTP/1.1 200 OK
2025-02-27 19:27:14 INFO  BaseTest:17 - Response Headers: Date=Thu, 27 Feb 2025 13:57:15 GMT
Content-Type=application/json
Transfer-Encoding=chunked
Connection=keep-alive
Access-Control-Allow-Origin=*
Access-Control-Allow-Methods=GET, POST, DELETE, PUT
Access-Control-Allow-Headers=Content-Type, api_key, Authorization
Server=Jetty(9.2.9.v20150224)
2025-02-27 19:27:15 INFO  BaseTest:65 - update user details method started
2025-02-27 19:27:17 INFO  BaseTest:77 - check user details is updated method started
2025-02-27 19:27:19 INFO  BaseTest:14 - Response Body: {"id":948250363,"username":"jodee.brakus","firstName":"Simone","lastName":"Robel","email":"jeanne.west@example.com","password":"6edg6nan2","phone":"(229) 365-6434","userStatus":948250363}
2025-02-27 19:27:19 INFO  BaseTest:20 - Response Status: HTTP/1.1 200 OK
2025-02-27 19:27:19 INFO  BaseTest:17 - Response Headers: Date=Thu, 27 Feb 2025 13:57:19 GMT
Content-Type=application/json
Transfer-Encoding=chunked
Connection=keep-alive
Access-Control-Allow-Origin=*
Access-Control-Allow-Methods=GET, POST, DELETE, PUT
Access-Control-Allow-Headers=Content-Type, api_key, Authorization
Server=Jetty(9.2.9.v20150224)
2025-02-27 19:27:19 INFO  BaseTest:96 - delete user method started
2025-02-27 19:27:20 INFO  BaseTest:105 - check user is deleted method started
